26.07.2015 07:42:58.159 1 WARNING 139659983566656 Application has started
26.07.2015 07:44:21.411 0 DEBUG 140113252636480 RequestHandler: created
26.07.2015 07:44:21.411 0 DEBUG 140113252636480 HttpListener: Listening on port 8080
26.07.2015 07:44:21.411 1 WARNING 140113252636480 Application has started

Note: If you don't see new messages here, then the logger might be commented out in main.cpp.

08.11.2016 10:38:30.500 0 DEBUG    139747060283328 ServiceHelper: Starting service
08.11.2016 10:38:30.500 0 DEBUG    139747060283328 RequestHandler: created
08.11.2016 10:38:30.501 2 CRITICAL 139747060283328 HttpListener: Cannot bind on port 8080: The bound address is already in use
08.11.2016 10:42:04.320 0 DEBUG    139869888894912 ServiceHelper: Starting service
08.11.2016 10:42:04.320 0 DEBUG    139869888894912 RequestHandler: created
08.11.2016 10:42:04.321 2 CRITICAL 139869888894912 HttpListener: Cannot bind on port 8080: The bound address is already in use
09.11.2016 14:01:35.950 0 DEBUG    139750586361792 ServiceHelper: Starting service
09.11.2016 14:01:35.950 0 DEBUG    139750586361792 RequestHandler: created
09.11.2016 14:01:35.950 2 CRITICAL 139750586361792 HttpListener: Cannot bind on port 8080: The bound address is already in use
09.11.2016 15:17:07.551 0 DEBUG    140635641718720 ServiceHelper: Starting service
09.11.2016 15:17:07.551 0 DEBUG    140635641718720 RequestHandler: created
09.11.2016 15:17:07.551 2 CRITICAL 140635641718720 HttpListener: Cannot bind on port 8080: The bound address is already in use
09.11.2016 15:23:42.904 0 DEBUG    140384518772672 ServiceHelper: Starting service
09.11.2016 15:23:42.904 0 DEBUG    140384518772672 RequestHandler: created
09.11.2016 15:23:42.905 2 CRITICAL 140384518772672 HttpListener: Cannot bind on port 8080: The bound address is already in use
09.11.2016 15:53:05.070 0 DEBUG    140690981267392 ServiceHelper: Starting service
09.11.2016 15:53:05.070 0 DEBUG    140690981267392 RequestHandler: created
09.11.2016 15:53:05.070 0 DEBUG    140690981267392 HttpListener: Listening on port 8080
09.11.2016 15:53:05.079 0 DEBUG    140690981267392 Calling Constructor of mpd class
09.11.2016 15:53:05.111 0 DEBUG    140690981267392 Now showing Application as Fullscreen
09.11.2016 15:53:08.631 0 DEBUG    140690981267392 Master train no  "41003"
09.11.2016 15:53:08.644 1 WARNING  140690981267392 QXmlStreamWriter: No device
09.11.2016 15:53:08.644 1 WARNING  140690981267392 QXmlStreamWriter: No device
09.11.2016 15:53:08.644 1 WARNING  140690981267392 QXmlStreamWriter: No device
09.11.2016 15:53:08.644 1 WARNING  140690981267392 QXmlStreamWriter: No device
09.11.2016 15:53:08.644 1 WARNING  140690981267392 QXmlStreamWriter: No device
09.11.2016 15:53:08.644 1 WARNING  140690981267392 QXmlStreamWriter: No device
09.11.2016 15:53:08.644 1 WARNING  140690981267392 QXmlStreamWriter: No device
09.11.2016 15:53:08.644 1 WARNING  140690981267392 QXmlStreamWriter: No device
09.11.2016 15:53:08.644 1 WARNING  140690981267392 QXmlStreamWriter: No device
09.11.2016 15:53:08.644 1 WARNING  140690981267392 QXmlStreamWriter: No device
09.11.2016 15:53:08.644 1 WARNING  140690981267392 QXmlStreamWriter: No device
09.11.2016 15:53:08.644 1 WARNING  140690981267392 QXmlStreamWriter: No device
09.11.2016 15:53:08.644 1 WARNING  140690981267392 QXmlStreamWriter: No device
09.11.2016 15:53:08.644 1 WARNING  140690981267392 QXmlStreamWriter: No device
09.11.2016 15:53:08.644 1 WARNING  140690981267392 QXmlStreamWriter: No device
09.11.2016 15:53:08.644 1 WARNING  140690981267392 QXmlStreamWriter: No device
09.11.2016 15:53:08.644 1 WARNING  140690981267392 QXmlStreamWriter: No device
09.11.2016 15:53:08.644 1 WARNING  140690981267392 QXmlStreamWriter: No device
09.11.2016 15:53:08.644 1 WARNING  140690981267392 QXmlStreamWriter: No device
09.11.2016 15:53:08.644 1 WARNING  140690981267392 QXmlStreamWriter: No device
09.11.2016 15:53:08.644 1 WARNING  140690981267392 QXmlStreamWriter: No device
09.11.2016 15:53:08.644 1 WARNING  140690981267392 QXmlStreamWriter: No device
09.11.2016 15:53:08.644 1 WARNING  140690981267392 QXmlStreamWriter: No device
09.11.2016 15:53:08.644 1 WARNING  140690981267392 QXmlStreamWriter: No device
09.11.2016 15:53:08.644 1 WARNING  140690981267392 QXmlStreamWriter: No device
09.11.2016 15:53:08.644 1 WARNING  140690981267392 QXmlStreamWriter: No device
09.11.2016 15:53:08.644 1 WARNING  140690981267392 QXmlStreamWriter: No device
09.11.2016 15:53:08.644 1 WARNING  140690981267392 QXmlStreamWriter: No device
09.11.2016 15:53:08.644 1 WARNING  140690981267392 QXmlStreamWriter: No device
09.11.2016 15:53:08.644 1 WARNING  140690981267392 QXmlStreamWriter: No device
09.11.2016 15:53:08.644 1 WARNING  140690981267392 QXmlStreamWriter: No device
09.11.2016 15:53:08.644 1 WARNING  140690981267392 QXmlStreamWriter: No device
09.11.2016 15:53:08.644 1 WARNING  140690981267392 QXmlStreamWriter: No device
09.11.2016 15:53:08.644 1 WARNING  140690981267392 QXmlStreamWriter: No device
09.11.2016 15:53:08.644 1 WARNING  140690981267392 QXmlStreamWriter: No device
09.11.2016 15:53:08.644 1 WARNING  140690981267392 QXmlStreamWriter: No device
09.11.2016 15:53:08.644 1 WARNING  140690981267392 QXmlStreamWriter: No device
09.11.2016 15:53:08.644 1 WARNING  140690981267392 QXmlStreamWriter: No device
09.11.2016 15:53:08.644 1 WARNING  140690981267392 QXmlStreamWriter: No device
09.11.2016 15:53:08.644 1 WARNING  140690981267392 QXmlStreamWriter: No device
09.11.2016 15:53:08.644 1 WARNING  140690981267392 QXmlStreamWriter: No device
09.11.2016 15:53:08.644 1 WARNING  140690981267392 QXmlStreamWriter: No device
09.11.2016 15:53:08.644 1 WARNING  140690981267392 QXmlStreamWriter: No device
09.11.2016 15:53:08.644 0 DEBUG    140690981267392 ENGLISH Original ::: "THIS IS A <TT> TRAIN WITH <CNUM> COACHES FROM <SSTN> TO <DSTN>. <LS>  TIME :<HH>:<MM>"
09.11.2016 15:53:08.645 0 DEBUG    140690981267392 HINDI MESSAGE::: 0x7ffe7f3fa5a0
09.11.2016 15:53:08.645 0 DEBUG    140690981267392 DATA written ---> "STX0368,TCU         ,ICD1              ,A,04,2,2,50,THIS IS A SLOW TRAIN WITH 12 COACHES FROM CHENNAI BEACH TO VELACHERY.    TIME :15:53\x07 ;g   psUuS chp ls osypsjh  d\xA8 tkus okyh  12  fMCc\xA8""a fd /kheh  xfr fd V\xAAsu gSA   le; %15%53\x07,e;j kpd;njhlu; tz;b nrd;id flw;fiu ,uapy; epiyaj;jpy; ,Ue;J Ntsr;Nrhp tiu nry;Yk; 12 ngl;bfisf; nfhz;l nkJthd tz;b.    Neuk; : 15:53\x07\x1B\x95""ETX"
09.11.2016 15:53:08.645 1 WARNING  140690981267392 QXmlStreamWriter: No device
09.11.2016 16:19:18.896 0 DEBUG    140462552074176 ServiceHelper: Starting service
09.11.2016 16:19:18.896 0 DEBUG    140462552074176 RequestHandler: created
09.11.2016 16:19:18.897 2 CRITICAL 140462552074176 HttpListener: Cannot bind on port 8080: The bound address is already in use
09.11.2016 16:19:33.744 0 DEBUG    140737131407296 ServiceHelper: Starting service
09.11.2016 16:19:33.745 0 DEBUG    140737131407296 RequestHandler: created
09.11.2016 16:19:33.745 2 CRITICAL 140737131407296 HttpListener: Cannot bind on port 8080: The bound address is already in use
